[2016-10-12 09:33:24] dev.ERROR: exception 'Symfony\Component\Debug\Exception\FatalErrorException' with message 'Class 'AdminKacana\Util' not found' in /kacana/kacana.com/app/Http/Controllers/Admin/BaseController.php:16
Stack trace:
#0 /kacana/kacana.com/vendor/laravel/framework/src/Illuminate/Foundation/Bootstrap/HandleExceptions.php(131): Symfony\Component\Debug\Exception\FatalErrorException->__construct()
#1 /kacana/kacana.com/vendor/laravel/framework/src/Illuminate/Foundation/Bootstrap/HandleExceptions.php(116): Illuminate\Foundation\Bootstrap\HandleExceptions->fatalExceptionFromError()
#2 /kacana/kacana.com/vendor/laravel/framework/src/Illuminate/Foundation/Bootstrap/HandleExceptions.php(0): Illuminate\Foundation\Bootstrap\HandleExceptions->handleShutdown()
#3 /kacana/kacana.com/vendor/laravel/framework/src/Illuminate/Container/Container.php(820): App\Http\Controllers\Admin\BaseController->__construct()
#4 /kacana/kacana.com/vendor/laravel/framework/src/Illuminate/Container/Container.php(820): ReflectionClass->newInstanceArgs()
#5 /kacana/kacana.com/vendor/laravel/framework/src/Illuminate/Container/Container.php(659): Illuminate\Container\Container->build()
#6 /kacana/kacana.com/vendor/laravel/framework/src/Illuminate/Foundation/Application.php(644): Illuminate\Container\Container->make()
#7 /kacana/kacana.com/vendor/laravel/framework/src/Illuminate/Routing/ControllerDispatcher.php(83): Illuminate\Foundation\Application->make()
#8 /kacana/kacana.com/vendor/laravel/framework/src/Illuminate/Routing/ControllerDispatcher.php(54): Illuminate\Routing\ControllerDispatcher->makeController()
#9 /kacana/kacana.com/vendor/laravel/framework/src/Illuminate/Routing/Route.php(204): Illuminate\Routing\ControllerDispatcher->dispatch()
#10 /kacana/kacana.com/vendor/laravel/framework/src/Illuminate/Routing/Route.php(134): Illuminate\Routing\Route->runWithCustomDispatcher()
#11 /kacana/kacana.com/vendor/laravel/framework/src/Illuminate/Routing/Router.php(701): Illuminate\Routing\Route->run()
#12 /kacana/kacana.com/vendor/laravel/framework/src/Illuminate/Pipeline/Pipeline.php(141): Illuminate\Routing\Router->Illuminate\Routing\{closure}()
#13 /kacana/kacana.com/vendor/laravel/framework/src/Illuminate/Pipeline/Pipeline.php(141): call_user_func:{/kacana/kacana.com/vendor/laravel/framework/src/Illuminate/Pipeline/Pipeline.php:141}()
#14 /kacana/kacana.com/app/Http/Middleware/Authenticate.php(47): Illuminate\Pipeline\Pipeline->Illuminate\Pipeline\{closure}()
#15 /kacana/kacana.com/vendor/laravel/framework/src/Illuminate/Pipeline/Pipeline.php(125): App\Http\Middleware\Authenticate->handle()
#16 /kacana/kacana.com/vendor/laravel/framework/src/Illuminate/Pipeline/Pipeline.php(101): Illuminate\Pipeline\Pipeline->Illuminate\Pipeline\{closure}()
#17 /kacana/kacana.com/vendor/laravel/framework/src/Illuminate/Pipeline/Pipeline.php(101): call_user_func:{/kacana/kacana.com/vendor/laravel/framework/src/Illuminate/Pipeline/Pipeline.php:101}()
#18 /kacana/kacana.com/vendor/laravel/framework/src/Illuminate/Routing/Router.php(703): Illuminate\Pipeline\Pipeline->then()
#19 /kacana/kacana.com/vendor/laravel/framework/src/Illuminate/Routing/Router.php(670): Illuminate\Routing\Router->runRouteWithinStack()
#20 /kacana/kacana.com/vendor/laravel/framework/src/Illuminate/Routing/Router.php(628): Illuminate\Routing\Router->dispatchToRoute()
#21 /kacana/kacana.com/vendor/laravel/framework/src/Illuminate/Foundation/Http/Kernel.php(214): Illuminate\Routing\Router->dispatch()
#22 /kacana/kacana.com/vendor/laravel/framework/src/Illuminate/Pipeline/Pipeline.php(141): Illuminate\Foundation\Http\Kernel->Illuminate\Foundation\Http\{closure}()
#23 /kacana/kacana.com/vendor/laravel/framework/src/Illuminate/Pipeline/Pipeline.php(141): call_user_func:{/kacana/kacana.com/vendor/laravel/framework/src/Illuminate/Pipeline/Pipeline.php:141}()
#24 /kacana/kacana.com/vendor/laravel/framework/src/Illuminate/Foundation/Http/Middleware/VerifyCsrfToken.php(43): Illuminate\Pipeline\Pipeline->Illuminate\Pipeline\{closure}()
#25 /kacana/kacana.com/app/Http/Middleware/VerifyCsrfToken.php(22): Illuminate\Foundation\Http\Middleware\VerifyCsrfToken->handle()
#26 /kacana/kacana.com/vendor/laravel/framework/src/Illuminate/Pipeline/Pipeline.php(125): App\Http\Middleware\VerifyCsrfToken->handle()
#27 /kacana/kacana.com/vendor/laravel/framework/src/Illuminate/View/Middleware/ShareErrorsFromSession.php(55): Illuminate\Pipeline\Pipeline->Illuminate\Pipeline\{closure}()
#28 /kacana/kacana.com/vendor/laravel/framework/src/Illuminate/Pipeline/Pipeline.php(125): Illuminate\View\Middleware\ShareErrorsFromSession->handle()
#29 /kacana/kacana.com/vendor/laravel/framework/src/Illuminate/Session/Middleware/StartSession.php(61): Illuminate\Pipeline\Pipeline->Illuminate\Pipeline\{closure}()
#30 /kacana/kacana.com/vendor/laravel/framework/src/Illuminate/Pipeline/Pipeline.php(125): Illuminate\Session\Middleware\StartSession->handle()
#31 /kacana/kacana.com/vendor/laravel/framework/src/Illuminate/Cookie/Middleware/AddQueuedCookiesToResponse.php(36): Illuminate\Pipeline\Pipeline->Illuminate\Pipeline\{closure}()
#32 /kacana/kacana.com/vendor/laravel/framework/src/Illuminate/Pipeline/Pipeline.php(125): Illuminate\Cookie\Middleware\AddQueuedCookiesToResponse->handle()
#33 /kacana/kacana.com/vendor/laravel/framework/src/Illuminate/Cookie/Middleware/EncryptCookies.php(40): Illuminate\Pipeline\Pipeline->Illuminate\Pipeline\{closure}()
#34 /kacana/kacana.com/vendor/laravel/framework/src/Illuminate/Pipeline/Pipeline.php(125): Illuminate\Cookie\Middleware\EncryptCookies->handle()
#35 /kacana/kacana.com/vendor/laravel/framework/src/Illuminate/Foundation/Http/Middleware/CheckForMaintenanceMode.php(42): Illuminate\Pipeline\Pipeline->Illuminate\Pipeline\{closure}()
#36 /kacana/kacana.com/vendor/laravel/framework/src/Illuminate/Pipeline/Pipeline.php(125): Illuminate\Foundation\Http\Middleware\CheckForMaintenanceMode->handle()
#37 /kacana/kacana.com/vendor/laravel/framework/src/Illuminate/Pipeline/Pipeline.php(101): Illuminate\Pipeline\Pipeline->Illuminate\Pipeline\{closure}()
#38 /kacana/kacana.com/vendor/laravel/framework/src/Illuminate/Pipeline/Pipeline.php(101): call_user_func:{/kacana/kacana.com/vendor/laravel/framework/src/Illuminate/Pipeline/Pipeline.php:101}()
#39 /kacana/kacana.com/vendor/laravel/framework/src/Illuminate/Foundation/Http/Kernel.php(115): Illuminate\Pipeline\Pipeline->then()
#40 /kacana/kacana.com/vendor/laravel/framework/src/Illuminate/Foundation/Http/Kernel.php(84): Illuminate\Foundation\Http\Kernel->sendRequestThroughRouter()
#41 /kacana/kacana.com/public/index.php(53): Illuminate\Foundation\Http\Kernel->handle()
#42 /kacana/kacana.com/public/index.php(0): {main}()
#43 {main}  
[2016-10-12 09:33:25] dev.ERROR: exception 'Symfony\Component\Debug\Exception\FatalErrorException' with message 'Class 'AdminKacana\Util' not found' in /kacana/kacana.com/app/Http/Controllers/Admin/BaseController.php:16
Stack trace:
#0 /kacana/kacana.com/vendor/laravel/framework/src/Illuminate/Foundation/Bootstrap/HandleExceptions.php(131): Symfony\Component\Debug\Exception\FatalErrorException->__construct()
#1 /kacana/kacana.com/vendor/laravel/framework/src/Illuminate/Foundation/Bootstrap/HandleExceptions.php(116): Illuminate\Foundation\Bootstrap\HandleExceptions->fatalExceptionFromError()
#2 /kacana/kacana.com/vendor/laravel/framework/src/Illuminate/Foundation/Bootstrap/HandleExceptions.php(0): Illuminate\Foundation\Bootstrap\HandleExceptions->handleShutdown()
#3 /kacana/kacana.com/vendor/laravel/framework/src/Illuminate/Container/Container.php(820): App\Http\Controllers\Admin\BaseController->__construct()
#4 /kacana/kacana.com/vendor/laravel/framework/src/Illuminate/Container/Container.php(820): ReflectionClass->newInstanceArgs()
#5 /kacana/kacana.com/vendor/laravel/framework/src/Illuminate/Container/Container.php(659): Illuminate\Container\Container->build()
#6 /kacana/kacana.com/vendor/laravel/framework/src/Illuminate/Foundation/Application.php(644): Illuminate\Container\Container->make()
#7 /kacana/kacana.com/vendor/laravel/framework/src/Illuminate/Routing/ControllerDispatcher.php(83): Illuminate\Foundation\Application->make()
#8 /kacana/kacana.com/vendor/laravel/framework/src/Illuminate/Routing/ControllerDispatcher.php(54): Illuminate\Routing\ControllerDispatcher->makeController()
#9 /kacana/kacana.com/vendor/laravel/framework/src/Illuminate/Routing/Route.php(204): Illuminate\Routing\ControllerDispatcher->dispatch()
#10 /kacana/kacana.com/vendor/laravel/framework/src/Illuminate/Routing/Route.php(134): Illuminate\Routing\Route->runWithCustomDispatcher()
#11 /kacana/kacana.com/vendor/laravel/framework/src/Illuminate/Routing/Router.php(701): Illuminate\Routing\Route->run()
#12 /kacana/kacana.com/vendor/laravel/framework/src/Illuminate/Pipeline/Pipeline.php(141): Illuminate\Routing\Router->Illuminate\Routing\{closure}()
#13 /kacana/kacana.com/vendor/laravel/framework/src/Illuminate/Pipeline/Pipeline.php(141): call_user_func:{/kacana/kacana.com/vendor/laravel/framework/src/Illuminate/Pipeline/Pipeline.php:141}()
#14 /kacana/kacana.com/app/Http/Middleware/Authenticate.php(47): Illuminate\Pipeline\Pipeline->Illuminate\Pipeline\{closure}()
#15 /kacana/kacana.com/vendor/laravel/framework/src/Illuminate/Pipeline/Pipeline.php(125): App\Http\Middleware\Authenticate->handle()
#16 /kacana/kacana.com/vendor/laravel/framework/src/Illuminate/Pipeline/Pipeline.php(101): Illuminate\Pipeline\Pipeline->Illuminate\Pipeline\{closure}()
#17 /kacana/kacana.com/vendor/laravel/framework/src/Illuminate/Pipeline/Pipeline.php(101): call_user_func:{/kacana/kacana.com/vendor/laravel/framework/src/Illuminate/Pipeline/Pipeline.php:101}()
#18 /kacana/kacana.com/vendor/laravel/framework/src/Illuminate/Routing/Router.php(703): Illuminate\Pipeline\Pipeline->then()
#19 /kacana/kacana.com/vendor/laravel/framework/src/Illuminate/Routing/Router.php(670): Illuminate\Routing\Router->runRouteWithinStack()
#20 /kacana/kacana.com/vendor/laravel/framework/src/Illuminate/Routing/Router.php(628): Illuminate\Routing\Router->dispatchToRoute()
#21 /kacana/kacana.com/vendor/laravel/framework/src/Illuminate/Foundation/Http/Kernel.php(214): Illuminate\Routing\Router->dispatch()
#22 /kacana/kacana.com/vendor/laravel/framework/src/Illuminate/Pipeline/Pipeline.php(141): Illuminate\Foundation\Http\Kernel->Illuminate\Foundation\Http\{closure}()
#23 /kacana/kacana.com/vendor/laravel/framework/src/Illuminate/Pipeline/Pipeline.php(141): call_user_func:{/kacana/kacana.com/vendor/laravel/framework/src/Illuminate/Pipeline/Pipeline.php:141}()
#24 /kacana/kacana.com/vendor/laravel/framework/src/Illuminate/Foundation/Http/Middleware/VerifyCsrfToken.php(43): Illuminate\Pipeline\Pipeline->Illuminate\Pipeline\{closure}()
#25 /kacana/kacana.com/app/Http/Middleware/VerifyCsrfToken.php(22): Illuminate\Foundation\Http\Middleware\VerifyCsrfToken->handle()
#26 /kacana/kacana.com/vendor/laravel/framework/src/Illuminate/Pipeline/Pipeline.php(125): App\Http\Middleware\VerifyCsrfToken->handle()
#27 /kacana/kacana.com/vendor/laravel/framework/src/Illuminate/View/Middleware/ShareErrorsFromSession.php(55): Illuminate\Pipeline\Pipeline->Illuminate\Pipeline\{closure}()
#28 /kacana/kacana.com/vendor/laravel/framework/src/Illuminate/Pipeline/Pipeline.php(125): Illuminate\View\Middleware\ShareErrorsFromSession->handle()
#29 /kacana/kacana.com/vendor/laravel/framework/src/Illuminate/Session/Middleware/StartSession.php(61): Illuminate\Pipeline\Pipeline->Illuminate\Pipeline\{closure}()
#30 /kacana/kacana.com/vendor/laravel/framework/src/Illuminate/Pipeline/Pipeline.php(125): Illuminate\Session\Middleware\StartSession->handle()
#31 /kacana/kacana.com/vendor/laravel/framework/src/Illuminate/Cookie/Middleware/AddQueuedCookiesToResponse.php(36): Illuminate\Pipeline\Pipeline->Illuminate\Pipeline\{closure}()
#32 /kacana/kacana.com/vendor/laravel/framework/src/Illuminate/Pipeline/Pipeline.php(125): Illuminate\Cookie\Middleware\AddQueuedCookiesToResponse->handle()
#33 /kacana/kacana.com/vendor/laravel/framework/src/Illuminate/Cookie/Middleware/EncryptCookies.php(40): Illuminate\Pipeline\Pipeline->Illuminate\Pipeline\{closure}()
#34 /kacana/kacana.com/vendor/laravel/framework/src/Illuminate/Pipeline/Pipeline.php(125): Illuminate\Cookie\Middleware\EncryptCookies->handle()
#35 /kacana/kacana.com/vendor/laravel/framework/src/Illuminate/Foundation/Http/Middleware/CheckForMaintenanceMode.php(42): Illuminate\Pipeline\Pipeline->Illuminate\Pipeline\{closure}()
#36 /kacana/kacana.com/vendor/laravel/framework/src/Illuminate/Pipeline/Pipeline.php(125): Illuminate\Foundation\Http\Middleware\CheckForMaintenanceMode->handle()
#37 /kacana/kacana.com/vendor/laravel/framework/src/Illuminate/Pipeline/Pipeline.php(101): Illuminate\Pipeline\Pipeline->Illuminate\Pipeline\{closure}()
#38 /kacana/kacana.com/vendor/laravel/framework/src/Illuminate/Pipeline/Pipeline.php(101): call_user_func:{/kacana/kacana.com/vendor/laravel/framework/src/Illuminate/Pipeline/Pipeline.php:101}()
#39 /kacana/kacana.com/vendor/laravel/framework/src/Illuminate/Foundation/Http/Kernel.php(115): Illuminate\Pipeline\Pipeline->then()
#40 /kacana/kacana.com/vendor/laravel/framework/src/Illuminate/Foundation/Http/Kernel.php(84): Illuminate\Foundation\Http\Kernel->sendRequestThroughRouter()
#41 /kacana/kacana.com/public/index.php(53): Illuminate\Foundation\Http\Kernel->handle()
#42 /kacana/kacana.com/public/index.php(0): {main}()
#43 {main}  
